<?xml version="1.0" encoding="UTF-8"?>
<!-- Generated by org.testng.reporters.JUnitXMLReporter -->
<testsuite ignored="0" hostname="dharani" failures="0" tests="1" name="Command line test" time="0.061" errors="0" timestamp="2023-04-07T11:19:04 IST">
  <testcase classname="org.example.AppTest" name="@BeforeClass setupDriver" time="-1.680846544455E9">
    <failure type="org.testng.TestNGException" message="
Parameter &amp;apos;browser&amp;apos; is required by BeforeClass on method setupDriver but has not been marked @Optional or defined
">
      <![CDATA[org.testng.TestNGException: 
Parameter 'browser' is required by BeforeClass on method setupDriver but has not been marked @Optional or defined

at java.base/java.util.ArrayList.forEach(ArrayList.java:1511)
... Removed 29 stack frames]]>
    </failure>
  </testcase> <!-- @BeforeClass setupDriver -->
  <testcase classname="org.example.AppTest" name="@AfterClass closeDriver" time="0.0">
    <skipped/>
  </testcase> <!-- @AfterClass closeDriver -->
  <testcase classname="org.example.AppTest" name="getTitlefrompage" time="0.0">
    <skipped/>
  </testcase> <!-- getTitlefrompage -->
</testsuite> <!-- Command line test -->
